d:\qt_project\lifter_server_mscv\lifter_server_mscv\release\io_pool.obj
d:\qt_project\lifter_server_mscv\lifter_server_mscv\release\experimentthread.obj
d:\qt_project\lifter_server_mscv\lifter_server_mscv\release\devicethreadcontrol.obj
d:\qt_project\lifter_server_mscv\lifter_server_mscv\release\devicecontrol.obj
d:\qt_project\lifter_server_mscv\lifter_server_mscv\release\mydatabase.obj
d:\qt_project\lifter_server_mscv\lifter_server_mscv\release\database_service.obj
d:\qt_project\lifter_server_mscv\lifter_server_mscv\release\connectionpool_gss.obj
d:\qt_project\lifter_server_mscv\lifter_server_mscv\release\connectionpool.obj
d:\qt_project\lifter_server_mscv\lifter_server_mscv\release\connections.obj
d:\qt_project\lifter_server_mscv\lifter_server_mscv\release\config.obj
d:\qt_project\lifter_server_mscv\lifter_server_mscv\release\ccanmoduleserver.obj
d:\qt_project\lifter_server_mscv\lifter_server_mscv\release\businesssession.obj
d:\qt_project\lifter_server_mscv\lifter_server_mscv\release\main.obj
d:\qt_project\lifter_server_mscv\lifter_server_mscv\release\lifter_server_mscv.obj
d:\qt_project\lifter_server_mscv\lifter_server_mscv\release\moc_server_manager.obj
d:\qt_project\lifter_server_mscv\lifter_server_mscv\release\moc_mydatabase.obj
d:\qt_project\lifter_server_mscv\lifter_server_mscv\release\moc_lifter_server_mscv.obj
d:\qt_project\lifter_server_mscv\lifter_server_mscv\release\usebuffer.obj
d:\qt_project\lifter_server_mscv\lifter_server_mscv\release\ccyclebuffer.obj
d:\qt_project\lifter_server_mscv\lifter_server_mscv\release\canmodulebuffer.obj
d:\qt_project\lifter_server_mscv\lifter_server_mscv\release\server_manager.obj
d:\qt_project\lifter_server_mscv\lifter_server_mscv\release\task_service.obj
d:\qt_project\lifter_server_mscv\lifter_server_mscv\release\session.obj
d:\qt_project\lifter_server_mscv\lifter_server_mscv\release\server.obj
d:\qt_project\lifter_server_mscv\lifter_server_mscv\release\log_.obj
d:\qt_project\lifter_server_mscv\lifter_server_mscv\release\qrc_lifter_server_mscv.obj
d:\qt_project\lifter_server_mscv\lifter_server_mscv\generatedfiles\release\moc_lifter_server_mscv.cpp
d:\qt_project\lifter_server_mscv\lifter_server_mscv\generatedfiles\ui_lifter_server_mscv.h
d:\qt_project\lifter_server_mscv\lifter_server_mscv\generatedfiles\release\moc_server_manager.cpp
d:\qt_project\lifter_server_mscv\lifter_server_mscv\generatedfiles\release\moc_mydatabase.cpp
d:\qt_project\lifter_server_mscv\lifter_server_mscv\generatedfiles\qrc_lifter_server_mscv.cpp
d:\qt_project\lifter_server_mscv\win32\release\lifter_server_mscv.ilk
d:\qt_project\lifter_server_mscv\win32\release\lifter_server_mscv.exe
d:\qt_project\lifter_server_mscv\win32\release\lifter_server_mscv.map
d:\qt_project\lifter_server_mscv\win32\release\lifter_server_mscv.pdb
d:\qt_project\lifter_server_mscv\lifter_server_mscv\release\lifter_s.b12702ad.tlog\cl.command.1.tlog
d:\qt_project\lifter_server_mscv\lifter_server_mscv\release\lifter_s.b12702ad.tlog\cl.read.1.tlog
d:\qt_project\lifter_server_mscv\lifter_server_mscv\release\lifter_s.b12702ad.tlog\cl.write.1.tlog
d:\qt_project\lifter_server_mscv\lifter_server_mscv\release\lifter_s.b12702ad.tlog\custombuild.command.1.tlog
d:\qt_project\lifter_server_mscv\lifter_server_mscv\release\lifter_s.b12702ad.tlog\custombuild.read.1.tlog
d:\qt_project\lifter_server_mscv\lifter_server_mscv\release\lifter_s.b12702ad.tlog\custombuild.write.1.tlog
d:\qt_project\lifter_server_mscv\lifter_server_mscv\release\lifter_s.b12702ad.tlog\link.command.1.tlog
d:\qt_project\lifter_server_mscv\lifter_server_mscv\release\lifter_s.b12702ad.tlog\link.read.1.tlog
d:\qt_project\lifter_server_mscv\lifter_server_mscv\release\lifter_s.b12702ad.tlog\link.write.1.tlog
