  Moc'ing Lifter_client_mscv.h...
  Uic'ing Lifter_client_mscv.ui...
  Moc'ing mylabel_add.h...
  Moc'ing mylabel.h...
  Moc'ing configdialog.h...
  Moc'ing mydatabase.h...
  Moc'ing custom.h...
  Rcc'ing Lifter_client_mscv.qrc...
  Uic'ing configdialog.ui...
  Uic'ing custom.ui...
  CCycleBuffer.cpp
  clientasio.cpp
  Please define _WIN32_WINNT or _WIN32_WINDOWS appropriately. For example:
  - add -D_WIN32_WINNT=0x0501 to the compiler command line; or
  - add _WIN32_WINNT=0x0501 to your project's Preprocessor Definitions.
  Assuming _WIN32_WINNT=0x0501 (i.e. Windows XP target).
  client_manager.cpp
  Please define _WIN32_WINNT or _WIN32_WINDOWS appropriately. For example:
  - add -D_WIN32_WINNT=0x0501 to the compiler command line; or
  - add _WIN32_WINNT=0x0501 to your project's Preprocessor Definitions.
  Assuming _WIN32_WINNT=0x0501 (i.e. Windows XP target).
  configdialog.cpp
  Please define _WIN32_WINNT or _WIN32_WINDOWS appropriately. For example:
  - add -D_WIN32_WINNT=0x0501 to the compiler command line; or
  - add _WIN32_WINNT=0x0501 to your project's Preprocessor Definitions.
  Assuming _WIN32_WINNT=0x0501 (i.e. Windows XP target).
  config.cpp
  custom.cpp
d:\qt_project\lifter_client_mscv\lifter_client_mscv\custom\custom.h : warning C4819: 该文件包含不能在当前代码页(936)中表示的字符。请将该文件保存为 Unicode 格式以防止数据丢失
  connectionpool.cpp
  database_service.cpp
  mydatabase.cpp
  Please define _WIN32_WINNT or _WIN32_WINDOWS appropriately. For example:
  - add -D_WIN32_WINNT=0x0501 to the compiler command line; or
  - add _WIN32_WINNT=0x0501 to your project's Preprocessor Definitions.
  Assuming _WIN32_WINNT=0x0501 (i.e. Windows XP target).
  moc_configdialog.cpp
  moc_custom.cpp
d:\qt_project\lifter_client_mscv\lifter_client_mscv\generatedfiles\release\../../custom/custom.h : warning C4819: 该文件包含不能在当前代码页(936)中表示的字符。请将该文件保存为 Unicode 格式以防止数据丢失
  moc_Lifter_client_mscv.cpp
  Please define _WIN32_WINNT or _WIN32_WINDOWS appropriately. For example:
  - add -D_WIN32_WINNT=0x0501 to the compiler command line; or
  - add _WIN32_WINNT=0x0501 to your project's Preprocessor Definitions.
  Assuming _WIN32_WINNT=0x0501 (i.e. Windows XP target).
  moc_mydatabase.cpp
  moc_mylabel.cpp
  moc_mylabel_add.cpp
  Lifter_client_mscv.cpp
  Please define _WIN32_WINNT or _WIN32_WINDOWS appropriately. For example:
  - add -D_WIN32_WINNT=0x0501 to the compiler command line; or
  - add _WIN32_WINNT=0x0501 to your project's Preprocessor Definitions.
  Assuming _WIN32_WINNT=0x0501 (i.e. Windows XP target).
d:\qt_project\lifter_client_mscv\lifter_client_mscv\custom/custom.h : warning C4819: 该文件包含不能在当前代码页(936)中表示的字符。请将该文件保存为 Unicode 格式以防止数据丢失
  log_.cpp
  main.cpp
  Please define _WIN32_WINNT or _WIN32_WINDOWS appropriately. For example:
  - add -D_WIN32_WINNT=0x0501 to the compiler command line; or
  - add _WIN32_WINNT=0x0501 to your project's Preprocessor Definitions.
  Assuming _WIN32_WINNT=0x0501 (i.e. Windows XP target).
C:\Program Files (x86)\Windows Kits\8.1\Include\um\DbgHelp.h(1544): warning C4091: “typedef ”: 没有声明变量时忽略“”的左侧
C:\Program Files (x86)\Windows Kits\8.1\Include\um\DbgHelp.h(3190): warning C4091: “typedef ”: 没有声明变量时忽略“”的左侧
  mylabel.cpp
  mylabel_add.cpp
  正在生成代码...
d:\qt_project\lifter_client_mscv\lifter_client_mscv\config\config.cpp(220): warning C4715: “Config::GetUserInfo”: 不是所有的控件路径都返回值
d:\qt_project\lifter_client_mscv\lifter_client_mscv\config\config.cpp(273): warning C4715: “Config::GetMap”: 不是所有的控件路径都返回值
  正在编译...
  SingleApplication.cpp
  usebuffer.cpp
  Please define _WIN32_WINNT or _WIN32_WINDOWS appropriately. For example:
  - add -D_WIN32_WINNT=0x0501 to the compiler command line; or
  - add _WIN32_WINNT=0x0501 to your project's Preprocessor Definitions.
  Assuming _WIN32_WINNT=0x0501 (i.e. Windows XP target).
  正在生成代码...
  qrc_Lifter_client_mscv.cpp
SingleApplication.obj : error LNK2019: 无法解析的外部符号 "__declspec(dllimport) public: __thiscall QLocalServer::QLocalServer(class QObject *)" (__imp_??0QLocalServer@@QAE@PAVQObject@@@Z)，该符号在函数 "private: void __thiscall SingleApplication::_newLocalServer(void)" (?_newLocalServer@SingleApplication@@AAEXXZ) 中被引用
SingleApplication.obj : error LNK2019: 无法解析的外部符号 "__declspec(dllimport) public: virtual __thiscall QLocalServer::~QLocalServer(void)" (__imp_??1QLocalServer@@UAE@XZ)，该符号在函数 "public: virtual void * __thiscall QLocalServer::`scalar deleting destructor'(unsigned int)" (??_GQLocalServer@@UAEPAXI@Z) 中被引用
SingleApplication.obj : error LNK2019: 无法解析的外部符号 "__declspec(dllimport) public: bool __thiscall QLocalServer::listen(class QString const &)" (__imp_?listen@QLocalServer@@QAE_NABVQString@@@Z)，该符号在函数 "private: void __thiscall SingleApplication::_newLocalServer(void)" (?_newLocalServer@SingleApplication@@AAEXXZ) 中被引用
SingleApplication.obj : error LNK2019: 无法解析的外部符号 "__declspec(dllimport) public: static bool __cdecl QLocalServer::removeServer(class QString const &)" (__imp_?removeServer@QLocalServer@@SA_NABVQString@@@Z)，该符号在函数 "private: void __thiscall SingleApplication::_newLocalServer(void)" (?_newLocalServer@SingleApplication@@AAEXXZ) 中被引用
SingleApplication.obj : error LNK2019: 无法解析的外部符号 "__declspec(dllimport) public: enum QAbstractSocket::SocketError __thiscall QLocalServer::serverError(void)const " (__imp_?serverError@QLocalServer@@QBE?AW4SocketError@QAbstractSocket@@XZ)，该符号在函数 "private: void __thiscall SingleApplication::_newLocalServer(void)" (?_newLocalServer@SingleApplication@@AAEXXZ) 中被引用
SingleApplication.obj : error LNK2001: 无法解析的外部符号 "public: virtual struct QMetaObject const * __thiscall SingleApplication::metaObject(void)const " (?metaObject@SingleApplication@@UBEPBUQMetaObject@@XZ)
SingleApplication.obj : error LNK2001: 无法解析的外部符号 "public: virtual void * __thiscall SingleApplication::qt_metacast(char const *)" (?qt_metacast@SingleApplication@@UAEPAXPBD@Z)
SingleApplication.obj : error LNK2001: 无法解析的外部符号 "public: virtual int __thiscall SingleApplication::qt_metacall(enum QMetaObject::Call,int,void * *)" (?qt_metacall@SingleApplication@@UAEHW4Call@QMetaObject@@HPAPAX@Z)
SingleApplication.obj : error LNK2019: 无法解析的外部符号 "__declspec(dllimport) public: __thiscall QLocalSocket::QLocalSocket(class QObject *)" (__imp_??0QLocalSocket@@QAE@PAVQObject@@@Z)，该符号在函数 "private: void __thiscall SingleApplication::_initLocalConnection(void)" (?_initLocalConnection@SingleApplication@@AAEXXZ) 中被引用
SingleApplication.obj : error LNK2019: 无法解析的外部符号 "__declspec(dllimport) public: virtual __thiscall QLocalSocket::~QLocalSocket(void)" (__imp_??1QLocalSocket@@UAE@XZ)，该符号在函数 "private: void __thiscall SingleApplication::_initLocalConnection(void)" (?_initLocalConnection@SingleApplication@@AAEXXZ) 中被引用
SingleApplication.obj : error LNK2019: 无法解析的外部符号 "__declspec(dllimport) public: void __thiscall QLocalSocket::connectToServer(class QString const &,class QFlags<enum QIODevice::OpenModeFlag>)" (__imp_?connectToServer@QLocalSocket@@QAEXABVQString@@V?$QFlags@W4OpenModeFlag@QIODevice@@@@@Z)，该符号在函数 "private: void __thiscall SingleApplication::_initLocalConnection(void)" (?_initLocalConnection@SingleApplication@@AAEXXZ) 中被引用
SingleApplication.obj : error LNK2019: 无法解析的外部符号 "__declspec(dllimport) public: bool __thiscall QLocalSocket::waitForConnected(int)" (__imp_?waitForConnected@QLocalSocket@@QAE_NH@Z)，该符号在函数 "private: void __thiscall SingleApplication::_initLocalConnection(void)" (?_initLocalConnection@SingleApplication@@AAEXXZ) 中被引用
SingleApplication.obj : error LNK2001: 无法解析的外部符号 "public: virtual bool __thiscall QLocalServer::hasPendingConnections(void)const " (?hasPendingConnections@QLocalServer@@UBE_NXZ)
SingleApplication.obj : error LNK2001: 无法解析的外部符号 "protected: virtual void __thiscall QLocalServer::incomingConnection(unsigned int)" (?incomingConnection@QLocalServer@@MAEXI@Z)
SingleApplication.obj : error LNK2001: 无法解析的外部符号 "public: virtual struct QMetaObject const * __thiscall QLocalServer::metaObject(void)const " (?metaObject@QLocalServer@@UBEPBUQMetaObject@@XZ)
SingleApplication.obj : error LNK2001: 无法解析的外部符号 "public: virtual class QLocalSocket * __thiscall QLocalServer::nextPendingConnection(void)" (?nextPendingConnection@QLocalServer@@UAEPAVQLocalSocket@@XZ)
SingleApplication.obj : error LNK2001: 无法解析的外部符号 "public: virtual int __thiscall QLocalServer::qt_metacall(enum QMetaObject::Call,int,void * *)" (?qt_metacall@QLocalServer@@UAEHW4Call@QMetaObject@@HPAPAX@Z)
SingleApplication.obj : error LNK2001: 无法解析的外部符号 "public: virtual void * __thiscall QLocalServer::qt_metacast(char const *)" (?qt_metacast@QLocalServer@@UAEPAXPBD@Z)
D:\Qt_project\Lifter_client_mscv\Win32\Release\\Lifter_client_mscv.exe : fatal error LNK1120: 18 个无法解析的外部命令
