C:\Program Files (x86)\MSBuild\Microsoft.Cpp\v4.0\V140\Microsoft.CppBuild.targets(392,5): warning MSB8028: The intermediate directory (Debug\) contains files shared from another project (Lifter_server_mscv.vcxproj).  This can lead to incorrect clean and rebuild behavior.
  Moc'ing Lifter_server_mscv.h...
  Uic'ing Lifter_server_mscv.ui...
  Moc'ing server_manager.h...
  Moc'ing mydatabase.h...
  Rcc'ing Lifter_server_mscv.qrc...
RCC : warning : No resources in 'D:\Qt_project\Lifter_server_mscv\Lifter_server_mscv\Lifter_server_mscv.qrc'.
  
  canmodulebuffer.cpp
  CCycleBuffer.cpp
  usebuffer.cpp
  Please define _WIN32_WINNT or _WIN32_WINDOWS appropriately. For example:
  - add -D_WIN32_WINNT=0x0501 to the compiler command line; or
  - add _WIN32_WINNT=0x0501 to your project's Preprocessor Definitions.
  Assuming _WIN32_WINNT=0x0501 (i.e. Windows XP target).
  moc_Lifter_server_mscv.cpp
  Please define _WIN32_WINNT or _WIN32_WINDOWS appropriately. For example:
  - add -D_WIN32_WINNT=0x0501 to the compiler command line; or
  - add _WIN32_WINNT=0x0501 to your project's Preprocessor Definitions.
  Assuming _WIN32_WINNT=0x0501 (i.e. Windows XP target).
  moc_mydatabase.cpp
  moc_server_manager.cpp
  Lifter_server_mscv.cpp
  Please define _WIN32_WINNT or _WIN32_WINDOWS appropriately. For example:
  - add -D_WIN32_WINNT=0x0501 to the compiler command line; or
  - add _WIN32_WINNT=0x0501 to your project's Preprocessor Definitions.
  Assuming _WIN32_WINNT=0x0501 (i.e. Windows XP target).
  main.cpp
  Please define _WIN32_WINNT or _WIN32_WINDOWS appropriately. For example:
  - add -D_WIN32_WINNT=0x0501 to the compiler command line; or
  - add _WIN32_WINNT=0x0501 to your project's Preprocessor Definitions.
  Assuming _WIN32_WINNT=0x0501 (i.e. Windows XP target).
C:\Program Files (x86)\Windows Kits\8.1\Include\um\DbgHelp.h(1544): warning C4091: “typedef ”: 没有声明变量时忽略“”的左侧
C:\Program Files (x86)\Windows Kits\8.1\Include\um\DbgHelp.h(3190): warning C4091: “typedef ”: 没有声明变量时忽略“”的左侧
  businesssession.cpp
  Please define _WIN32_WINNT or _WIN32_WINDOWS appropriately. For example:
  - add -D_WIN32_WINNT=0x0501 to the compiler command line; or
  - add _WIN32_WINNT=0x0501 to your project's Preprocessor Definitions.
  Assuming _WIN32_WINNT=0x0501 (i.e. Windows XP target).
  ccanmoduleserver.cpp
  Please define _WIN32_WINNT or _WIN32_WINDOWS appropriately. For example:
  - add -D_WIN32_WINNT=0x0501 to the compiler command line; or
  - add _WIN32_WINNT=0x0501 to your project's Preprocessor Definitions.
  Assuming _WIN32_WINNT=0x0501 (i.e. Windows XP target).
  config.cpp
  Please define _WIN32_WINNT or _WIN32_WINDOWS appropriately. For example:
  - add -D_WIN32_WINNT=0x0501 to the compiler command line; or
  - add _WIN32_WINNT=0x0501 to your project's Preprocessor Definitions.
  Assuming _WIN32_WINNT=0x0501 (i.e. Windows XP target).
  connections.cpp
  Please define _WIN32_WINNT or _WIN32_WINDOWS appropriately. For example:
  - add -D_WIN32_WINNT=0x0501 to the compiler command line; or
  - add _WIN32_WINNT=0x0501 to your project's Preprocessor Definitions.
  Assuming _WIN32_WINNT=0x0501 (i.e. Windows XP target).
  connectionpool.cpp
  Please define _WIN32_WINNT or _WIN32_WINDOWS appropriately. For example:
  - add -D_WIN32_WINNT=0x0501 to the compiler command line; or
  - add _WIN32_WINNT=0x0501 to your project's Preprocessor Definitions.
  Assuming _WIN32_WINNT=0x0501 (i.e. Windows XP target).
  connectionpool_gss.cpp
  Please define _WIN32_WINNT or _WIN32_WINDOWS appropriately. For example:
  - add -D_WIN32_WINNT=0x0501 to the compiler command line; or
  - add _WIN32_WINNT=0x0501 to your project's Preprocessor Definitions.
  Assuming _WIN32_WINNT=0x0501 (i.e. Windows XP target).
  database_service.cpp
  mydatabase.cpp
  Please define _WIN32_WINNT or _WIN32_WINDOWS appropriately. For example:
  - add -D_WIN32_WINNT=0x0501 to the compiler command line; or
  - add _WIN32_WINNT=0x0501 to your project's Preprocessor Definitions.
  Assuming _WIN32_WINNT=0x0501 (i.e. Windows XP target).
  devicecontrol.cpp
  devicethreadcontrol.cpp
  experimentthread.cpp
  Please define _WIN32_WINNT or _WIN32_WINDOWS appropriately. For example:
  - add -D_WIN32_WINNT=0x0501 to the compiler command line; or
  - add _WIN32_WINNT=0x0501 to your project's Preprocessor Definitions.
  Assuming _WIN32_WINNT=0x0501 (i.e. Windows XP target).
  io_pool.cpp
  Please define _WIN32_WINNT or _WIN32_WINDOWS appropriately. For example:
  - add -D_WIN32_WINNT=0x0501 to the compiler command line; or
  - add _WIN32_WINNT=0x0501 to your project's Preprocessor Definitions.
  Assuming _WIN32_WINNT=0x0501 (i.e. Windows XP target).
  正在生成代码...
d:\qt_project\lifter_server_mscv\lifter_server_mscv\server\config\config.cpp(428): warning C4715: “Config::GetMap”: 不是所有的控件路径都返回值
d:\qt_project\lifter_server_mscv\lifter_server_mscv\server\config\config.cpp(583): warning C4715: “Config::GetTypeDeviceMap”: 不是所有的控件路径都返回值
d:\qt_project\lifter_server_mscv\lifter_server_mscv\server\businesssession.cpp(866): warning C4715: “BusinessSession::GetJdqControlOrder”: 不是所有的控件路径都返回值
d:\qt_project\lifter_server_mscv\lifter_server_mscv\buffer\usebuffer.cpp(360): warning C4715: “UserBuffer::FrontSendList”: 不是所有的控件路径都返回值
d:\qt_project\lifter_server_mscv\lifter_server_mscv\buffer\canmodulebuffer.cpp(302): warning C4700: 使用了未初始化的局部变量“err”
  正在编译...
  log_.cpp
  server.cpp
  Please define _WIN32_WINNT or _WIN32_WINDOWS appropriately. For example:
  - add -D_WIN32_WINNT=0x0501 to the compiler command line; or
  - add _WIN32_WINNT=0x0501 to your project's Preprocessor Definitions.
  Assuming _WIN32_WINNT=0x0501 (i.e. Windows XP target).
  session.cpp
  Please define _WIN32_WINNT or _WIN32_WINDOWS appropriately. For example:
  - add -D_WIN32_WINNT=0x0501 to the compiler command line; or
  - add _WIN32_WINNT=0x0501 to your project's Preprocessor Definitions.
  Assuming _WIN32_WINNT=0x0501 (i.e. Windows XP target).
  task_service.cpp
  server_manager.cpp
  Please define _WIN32_WINNT or _WIN32_WINDOWS appropriately. For example:
  - add -D_WIN32_WINNT=0x0501 to the compiler command line; or
  - add _WIN32_WINNT=0x0501 to your project's Preprocessor Definitions.
  Assuming _WIN32_WINNT=0x0501 (i.e. Windows XP target).
  正在生成代码...
  qrc_Lifter_server_mscv.cpp
  Lifter_server_mscv.vcxproj -> D:\Qt_project\Lifter_client_mscv\Win32\Debug\Lifter_server_mscv.exe
  Lifter_server_mscv.vcxproj -> D:\Qt_project\Lifter_client_mscv\Win32\Debug\Lifter_server_mscv.pdb (Full PDB)
