d:\qt_project\lifter_server_mscv\lifter_server_mscv\debug\businesssession.obj
d:\qt_project\lifter_server_mscv\lifter_server_mscv\debug\canmodulebuffer.obj
d:\qt_project\lifter_server_mscv\lifter_server_mscv\debug\ccanmoduleserver.obj
d:\qt_project\lifter_server_mscv\lifter_server_mscv\debug\ccyclebuffer.obj
d:\qt_project\lifter_server_mscv\lifter_server_mscv\debug\config.obj
d:\qt_project\lifter_server_mscv\lifter_server_mscv\debug\connectionpool.obj
d:\qt_project\lifter_server_mscv\lifter_server_mscv\debug\connectionpool_gss.obj
d:\qt_project\lifter_server_mscv\lifter_server_mscv\debug\connections.obj
d:\qt_project\lifter_server_mscv\lifter_server_mscv\debug\database_service.obj
d:\qt_project\lifter_server_mscv\lifter_server_mscv\debug\devicecontrol.obj
d:\qt_project\lifter_server_mscv\lifter_server_mscv\debug\devicethreadcontrol.obj
d:\qt_project\lifter_server_mscv\lifter_server_mscv\debug\experimentthread.obj
d:\qt_project\lifter_server_mscv\lifter_server_mscv\debug\io_pool.obj
d:\qt_project\lifter_server_mscv\lifter_server_mscv\debug\lifter_server_mscv.obj
d:\qt_project\lifter_server_mscv\lifter_server_mscv\debug\log_.obj
d:\qt_project\lifter_server_mscv\lifter_server_mscv\debug\main.obj
d:\qt_project\lifter_server_mscv\lifter_server_mscv\debug\moc_lifter_server_mscv.obj
d:\qt_project\lifter_server_mscv\lifter_server_mscv\debug\moc_mydatabase.obj
d:\qt_project\lifter_server_mscv\lifter_server_mscv\debug\moc_server_manager.obj
d:\qt_project\lifter_server_mscv\lifter_server_mscv\debug\mydatabase.obj
d:\qt_project\lifter_server_mscv\lifter_server_mscv\debug\qrc_lifter_server_mscv.obj
d:\qt_project\lifter_server_mscv\lifter_server_mscv\debug\server.obj
d:\qt_project\lifter_server_mscv\lifter_server_mscv\debug\server_manager.obj
d:\qt_project\lifter_server_mscv\lifter_server_mscv\debug\session.obj
d:\qt_project\lifter_server_mscv\lifter_server_mscv\debug\task_service.obj
d:\qt_project\lifter_server_mscv\lifter_server_mscv\debug\usebuffer.obj
d:\qt_project\lifter_server_mscv\lifter_server_mscv\debug\vc140.pdb
