d:\qt_project\lifter_client_mscv\lifter_client_mscv\debug\vc140.pdb
d:\qt_project\lifter_client_mscv\lifter_client_mscv\debug\mylabel.obj
d:\qt_project\lifter_client_mscv\lifter_client_mscv\debug\main.obj
d:\qt_project\lifter_client_mscv\lifter_client_mscv\debug\log_.obj
d:\qt_project\lifter_client_mscv\lifter_client_mscv\debug\lifter_client_mscv.obj
d:\qt_project\lifter_client_mscv\lifter_client_mscv\debug\moc_mylabel_add.obj
d:\qt_project\lifter_client_mscv\lifter_client_mscv\debug\moc_mylabel.obj
d:\qt_project\lifter_client_mscv\lifter_client_mscv\debug\moc_mydatabase.obj
d:\qt_project\lifter_client_mscv\lifter_client_mscv\debug\moc_lifter_client_mscv.obj
d:\qt_project\lifter_client_mscv\lifter_client_mscv\debug\moc_custom.obj
d:\qt_project\lifter_client_mscv\lifter_client_mscv\debug\moc_configdialog.obj
d:\qt_project\lifter_client_mscv\lifter_client_mscv\debug\mydatabase.obj
d:\qt_project\lifter_client_mscv\lifter_client_mscv\debug\database_service.obj
d:\qt_project\lifter_client_mscv\lifter_client_mscv\debug\connectionpool.obj
d:\qt_project\lifter_client_mscv\lifter_client_mscv\debug\custom.obj
d:\qt_project\lifter_client_mscv\lifter_client_mscv\debug\config.obj
d:\qt_project\lifter_client_mscv\lifter_client_mscv\debug\configdialog.obj
d:\qt_project\lifter_client_mscv\lifter_client_mscv\debug\client_manager.obj
d:\qt_project\lifter_client_mscv\lifter_client_mscv\debug\clientasio.obj
d:\qt_project\lifter_client_mscv\lifter_client_mscv\debug\ccyclebuffer.obj
d:\qt_project\lifter_client_mscv\lifter_client_mscv\debug\usebuffer.obj
d:\qt_project\lifter_client_mscv\lifter_client_mscv\debug\singleapplication.obj
d:\qt_project\lifter_client_mscv\lifter_client_mscv\debug\mylabel_add.obj
d:\qt_project\lifter_client_mscv\lifter_client_mscv\debug\moc_singleapplication.obj
d:\qt_project\lifter_client_mscv\lifter_client_mscv\debug\qrc_lifter_client_mscv.obj
d:\qt_project\lifter_client_mscv\lifter_client_mscv\generatedfiles\debug\moc_lifter_client_mscv.cpp
d:\qt_project\lifter_client_mscv\lifter_client_mscv\generatedfiles\ui_lifter_client_mscv.h
d:\qt_project\lifter_client_mscv\lifter_client_mscv\generatedfiles\debug\moc_mylabel_add.cpp
d:\qt_project\lifter_client_mscv\lifter_client_mscv\generatedfiles\debug\moc_mylabel.cpp
d:\qt_project\lifter_client_mscv\lifter_client_mscv\generatedfiles\debug\moc_configdialog.cpp
d:\qt_project\lifter_client_mscv\lifter_client_mscv\generatedfiles\debug\moc_mydatabase.cpp
d:\qt_project\lifter_client_mscv\lifter_client_mscv\generatedfiles\debug\moc_custom.cpp
d:\qt_project\lifter_client_mscv\lifter_client_mscv\generatedfiles\qrc_lifter_client_mscv.cpp
d:\qt_project\lifter_client_mscv\lifter_client_mscv\generatedfiles\ui_configdialog.h
d:\qt_project\lifter_client_mscv\lifter_client_mscv\generatedfiles\ui_custom.h
d:\qt_project\lifter_client_mscv\lifter_client_mscv\generatedfiles\debug\moc_singleapplication.cpp
d:\qt_project\lifter_client_mscv\win32\debug\lifter_client_mscv.ilk
d:\qt_project\lifter_client_mscv\win32\debug\lifter_client_mscv.exe
d:\qt_project\lifter_client_mscv\win32\debug\lifter_client_mscv.pdb
d:\qt_project\lifter_client_mscv\lifter_client_mscv\debug\lifter_client_mscv.res
d:\qt_project\lifter_client_mscv\lifter_client_mscv\debug\lifter_c.b12702ad.tlog\cl.command.1.tlog
d:\qt_project\lifter_client_mscv\lifter_client_mscv\debug\lifter_c.b12702ad.tlog\cl.read.1.tlog
d:\qt_project\lifter_client_mscv\lifter_client_mscv\debug\lifter_c.b12702ad.tlog\cl.write.1.tlog
d:\qt_project\lifter_client_mscv\lifter_client_mscv\debug\lifter_c.b12702ad.tlog\custombuild.command.1.tlog
d:\qt_project\lifter_client_mscv\lifter_client_mscv\debug\lifter_c.b12702ad.tlog\custombuild.read.1.tlog
d:\qt_project\lifter_client_mscv\lifter_client_mscv\debug\lifter_c.b12702ad.tlog\custombuild.write.1.tlog
d:\qt_project\lifter_client_mscv\lifter_client_mscv\debug\lifter_c.b12702ad.tlog\link.command.1.tlog
d:\qt_project\lifter_client_mscv\lifter_client_mscv\debug\lifter_c.b12702ad.tlog\link.read.1.tlog
d:\qt_project\lifter_client_mscv\lifter_client_mscv\debug\lifter_c.b12702ad.tlog\link.write.1.tlog
d:\qt_project\lifter_client_mscv\lifter_client_mscv\debug\lifter_c.b12702ad.tlog\rc.command.1.tlog
d:\qt_project\lifter_client_mscv\lifter_client_mscv\debug\lifter_c.b12702ad.tlog\rc.read.1.tlog
d:\qt_project\lifter_client_mscv\lifter_client_mscv\debug\lifter_c.b12702ad.tlog\rc.write.1.tlog
